<?xml version="1.0" encoding="UTF-8"?>
<!-- Generated by org.testng.reporters.JUnitReportReporter -->
<testsuite hostname="LAPTOP-LERH1RJE" name="runners.MainRunner2" tests="2" failures="0" timestamp="18 Apr 2020 20:08:51 GMT" time="127.719" errors="0">
  <testcase name="feature" time="62.704" classname="runners.MainRunner2"/>
  <testcase name="feature" time="65.015" classname="runners.MainRunner2"/>
</testsuite> <!-- runners.MainRunner2 -->
