<?xml version="1.0" encoding="UTF-8"?>
<!-- Generated by org.testng.reporters.JUnitReportReporter -->
<testsuite hostname="LAPTOP-LERH1RJE" name="runners.MainRunner" tests="2" failures="0" timestamp="18 Apr 2020 20:08:51 GMT" time="132.721" errors="0">
  <testcase name="feature" time="69.854" classname="runners.MainRunner"/>
  <testcase name="feature" time="62.867" classname="runners.MainRunner"/>
</testsuite> <!-- runners.MainRunner -->
